# JRE version: OpenJDK Runtime Environment (8.0_152-b02) (build 1.8.0_152-release-1024-b02)
# Java VM: OpenJDK 64-Bit Server VM (25.152-b02 mixed mode windows-amd64 compressed oops)
Heap:
 PSYoungGen      total 160256K, used 32201K [0x00000000e0000000, 0x00000000eb680000, 0x0000000100000000)
  eden space 150016K, 14% used [0x00000000e0000000,0x00000000e1586ce8,0x00000000e9280000)
  from space 10240K, 99% used [0x00000000eac80000,0x00000000eb66b9f0,0x00000000eb680000)
  to   space 13824K, 0% used [0x00000000e9b80000,0x00000000e9b80000,0x00000000ea900000)
 ParOldGen       total 91648K, used 18679K [0x00000000a0000000, 0x00000000a5980000, 0x00000000e0000000)
  object space 91648K, 20% used [0x00000000a0000000,0x00000000a123dc78,0x00000000a5980000)
 Metaspace       used 42046K, capacity 43060K, committed 43264K, reserved 1087488K
  class space    used 5777K, capacity 6108K, committed 6144K, reserved 1048576K
GC Heap History (10 events):
Event: 13.035 GC heap before
{Heap before GC invocations=6 (full 1):
 PSYoungGen      total 56832K, used 49152K [0x00000000e0000000, 0x00000000e6f00000, 0x0000000100000000)
  eden space 49152K, 100% used [0x00000000e0000000,0x00000000e3000000,0x00000000e3000000)
  from space 7680K, 0% used [0x00000000e3780000,0x00000000e3780000,0x00000000e3f00000)
  to   space 7680K, 0% used [0x00000000e3000000,0x00000000e3000000,0x00000000e3780000)
 ParOldGen       total 65024K, used 7295K [0x00000000a0000000, 0x00000000a3f80000, 0x00000000e0000000)
  object space 65024K, 11% used [0x00000000a0000000,0x00000000a071ff28,0x00000000a3f80000)
 Metaspace       used 25038K, capacity 25486K, committed 25728K, reserved 1071104K
  class space    used 3473K, capacity 3596K, committed 3712K, reserved 1048576K
Event: 13.040 GC heap after
Heap after GC invocations=6 (full 1):
 PSYoungGen      total 56832K, used 5064K [0x00000000e0000000, 0x00000000e7100000, 0x0000000100000000)
  eden space 49152K, 0% used [0x00000000e0000000,0x00000000e0000000,0x00000000e3000000)
  from space 7680K, 65% used [0x00000000e3000000,0x00000000e34f20a8,0x00000000e3780000)
  to   space 11776K, 0% used [0x00000000e6580000,0x00000000e6580000,0x00000000e7100000)
 ParOldGen       total 65024K, used 7303K [0x00000000a0000000, 0x00000000a3f80000, 0x00000000e0000000)
  object space 65024K, 11% used [0x00000000a0000000,0x00000000a0721f28,0x00000000a3f80000)
 Metaspace       used 25038K, capacity 25486K, committed 25728K, reserved 1071104K
  class space    used 3473K, capacity 3596K, committed 3712K, reserved 1048576K
}
Event: 14.787 GC heap before
{Heap before GC invocations=7 (full 1):
 PSYoungGen      total 56832K, used 54216K [0x00000000e0000000, 0x00000000e7100000, 0x0000000100000000)
  eden space 49152K, 100% used [0x00000000e0000000,0x00000000e3000000,0x00000000e3000000)
  from space 7680K, 65% used [0x00000000e3000000,0x00000000e34f20a8,0x00000000e3780000)
  to   space 11776K, 0% used [0x00000000e6580000,0x00000000e6580000,0x00000000e7100000)
 ParOldGen       total 65024K, used 7303K [0x00000000a0000000, 0x00000000a3f80000, 0x00000000e0000000)
  object space 65024K, 11% used [0x00000000a0000000,0x00000000a0721f28,0x00000000a3f80000)
 Metaspace       used 28622K, capacity 29228K, committed 29312K, reserved 1075200K
  class space    used 3980K, capacity 4174K, committed 4224K, reserved 1048576K
Event: 14.800 GC heap after
Heap after GC invocations=7 (full 1):
 PSYoungGen      total 100864K, used 7909K [0x00000000e0000000, 0x00000000e6f80000, 0x0000000100000000)
  eden space 90624K, 0% used [0x00000000e0000000,0x00000000e0000000,0x00000000e5880000)
  from space 10240K, 77% used [0x00000000e6580000,0x00000000e6d39470,0x00000000e6f80000)
  to   space 11776K, 0% used [0x00000000e5880000,0x00000000e5880000,0x00000000e6400000)
 ParOldGen       total 65024K, used 7303K [0x00000000a0000000, 0x00000000a3f80000, 0x00000000e0000000)
  object space 65024K, 11% used [0x00000000a0000000,0x00000000a0721f28,0x00000000a3f80000)
 Metaspace       used 28622K, capacity 29228K, committed 29312K, reserved 1075200K
  class space    used 3980K, capacity 4174K, committed 4224K, reserved 1048576K
}
Event: 17.283 GC heap before
{Heap before GC invocations=8 (full 1):
 PSYoungGen      total 100864K, used 74821K [0x00000000e0000000, 0x00000000e6f80000, 0x0000000100000000)
  eden space 90624K, 73% used [0x00000000e0000000,0x00000000e4158318,0x00000000e5880000)
  from space 10240K, 77% used [0x00000000e6580000,0x00000000e6d39470,0x00000000e6f80000)
  to   space 11776K, 0% used [0x00000000e5880000,0x00000000e5880000,0x00000000e6400000)
 ParOldGen       total 65024K, used 7303K [0x00000000a0000000, 0x00000000a3f80000, 0x00000000e0000000)
  object space 65024K, 11% used [0x00000000a0000000,0x00000000a0721f28,0x00000000a3f80000)
 Metaspace       used 34559K, capacity 35314K, committed 35416K, reserved 1079296K
  class space    used 4840K, capacity 5100K, committed 5120K, reserved 1048576K
Event: 17.301 GC heap after
Heap after GC invocations=8 (full 1):
 PSYoungGen      total 102400K, used 11760K [0x00000000e0000000, 0x00000000eb980000, 0x0000000100000000)
  eden space 90624K, 0% used [0x00000000e0000000,0x00000000e0000000,0x00000000e5880000)
  from space 11776K, 99% used [0x00000000e5880000,0x00000000e63fc220,0x00000000e6400000)
  to   space 13312K, 0% used [0x00000000eac80000,0x00000000eac80000,0x00000000eb980000)
 ParOldGen       total 65024K, used 7907K [0x00000000a0000000, 0x00000000a3f80000, 0x00000000e0000000)
  object space 65024K, 12% used [0x00000000a0000000,0x00000000a07b8c30,0x00000000a3f80000)
 Metaspace       used 34559K, capacity 35314K, committed 35416K, reserved 1079296K
  class space    used 4840K, capacity 5100K, committed 5120K, reserved 1048576K
}
Event: 17.301 GC heap before
{Heap before GC invocations=9 (full 2):
 PSYoungGen      total 102400K, used 11760K [0x00000000e0000000, 0x00000000eb980000, 0x0000000100000000)
  eden space 90624K, 0% used [0x00000000e0000000,0x00000000e0000000,0x00000000e5880000)
  from space 11776K, 99% used [0x00000000e5880000,0x00000000e63fc220,0x00000000e6400000)
  to   space 13312K, 0% used [0x00000000eac80000,0x00000000eac80000,0x00000000eb980000)
 ParOldGen       total 65024K, used 7907K [0x00000000a0000000, 0x00000000a3f80000, 0x00000000e0000000)
  object space 65024K, 12% used [0x00000000a0000000,0x00000000a07b8c30,0x00000000a3f80000)
 Metaspace       used 34559K, capacity 35314K, committed 35416K, reserved 1079296K
  class space    used 4840K, capacity 5100K, committed 5120K, reserved 1048576K
Event: 17.454 GC heap after
Heap after GC invocations=9 (full 2):
 PSYoungGen      total 102400K, used 0K [0x00000000e0000000, 0x00000000eb980000, 0x0000000100000000)
  eden space 90624K, 0% used [0x00000000e0000000,0x00000000e0000000,0x00000000e5880000)
  from space 11776K, 0% used [0x00000000e5880000,0x00000000e5880000,0x00000000e6400000)
  to   space 13312K, 0% used [0x00000000eac80000,0x00000000eac80000,0x00000000eb980000)
 ParOldGen       total 91648K, used 18671K [0x00000000a0000000, 0x00000000a5980000, 0x00000000e0000000)
  object space 91648K, 20% used [0x00000000a0000000,0x00000000a123bc78,0x00000000a5980000)
 Metaspace       used 34559K, capacity 35314K, committed 35416K, reserved 1079296K
  class space    used 4840K, capacity 5100K, committed 5120K, reserved 1048576K
}
Event: 20.653 GC heap before
{Heap before GC invocations=10 (full 2):
 PSYoungGen      total 102400K, used 90624K [0x00000000e0000000, 0x00000000eb980000, 0x0000000100000000)
  eden space 90624K, 100% used [0x00000000e0000000,0x00000000e5880000,0x00000000e5880000)
  from space 11776K, 0% used [0x00000000e5880000,0x00000000e5880000,0x00000000e6400000)
  to   space 13312K, 0% used [0x00000000eac80000,0x00000000eac80000,0x00000000eb980000)
 ParOldGen       total 91648K, used 18671K [0x00000000a0000000, 0x00000000a5980000, 0x00000000e0000000)
  object space 91648K, 20% used [0x00000000a0000000,0x00000000a123bc78,0x00000000a5980000)
 Metaspace       used 40723K, capacity 41646K, committed 41984K, reserved 1085440K
  class space    used 5554K, capacity 5858K, committed 5888K, reserved 1048576K
Event: 20.675 GC heap after
Heap after GC invocations=10 (full 2):
 PSYoungGen      total 160256K, used 10158K [0x00000000e0000000, 0x00000000eb680000, 0x0000000100000000)
  eden space 150016K, 0% used [0x00000000e0000000,0x00000000e0000000,0x00000000e9280000)
  from space 10240K, 99% used [0x00000000eac80000,0x00000000eb66b9f0,0x00000000eb680000)
  to   space 13824K, 0% used [0x00000000e9b80000,0x00000000e9b80000,0x00000000ea900000)
 ParOldGen       total 91648K, used 18679K [0x00000000a0000000, 0x00000000a5980000, 0x00000000e0000000)
  object space 91648K, 20% used [0x00000000a0000000,0x00000000a123dc78,0x00000000a5980000)
 Metaspace       used 40723K, capacity 41646K, committed 41984K, reserved 1085440K
  class space    used 5554K, capacity 5858K, committed 5888K, reserved 1048576K
}

